This is pdfTeX, Version 3.1415926-2.3-1.40.12 (TeX Live 2011) (format=pdflatex 2011.7.3)  22 JUN 2014 22:30
entering extended mode
 restricted \write18 enabled.
 file:line:error style messages enabled.
 %&-line parsing enabled.
**Magnesium.tex
(./Magnesium.tex
LaTeX2e <2009/09/24>
Babel <v3.8l> and hyphenation patterns for english, dumylang, nohyphenation, ge
rman-x-2009-06-19, ngerman-x-2009-06-19, afrikaans, ancientgreek, ibycus, arabi
c, armenian, basque, bulgarian, catalan, pinyin, coptic, croatian, czech, danis
h, dutch, ukenglish, usenglishmax, esperanto, estonian, ethiopic, farsi, finnis
h, french, galician, german, ngerman, swissgerman, monogreek, greek, hungarian,
 icelandic, assamese, bengali, gujarati, hindi, kannada, malayalam, marathi, or
iya, panjabi, tamil, telugu, indonesian, interlingua, irish, italian, kurmanji,
 lao, latin, latvian, lithuanian, mongolian, mongolianlmc, bokmal, nynorsk, pol
ish, portuguese, romanian, russian, sanskrit, serbian, serbianc, slovak, sloven
ian, spanish, swedish, turkish, turkmen, ukrainian, uppersorbian, welsh, loaded
.
(/usr/local/texlive/2011/texmf-dist/tex/latex/base/article.cls
Document Class: article 2007/10/19 v1.4h Standard LaTeX document class
(/usr/local/texlive/2011/texmf-dist/tex/latex/base/size12.clo
File: size12.clo 2007/10/19 v1.4h Standard LaTeX file (size option)
)
\c@part=\count79
\c@section=\count80
\c@subsection=\count81
\c@subsubsection=\count82
\c@paragraph=\count83
\c@subparagraph=\count84
\c@figure=\count85
\c@table=\count86
\abovecaptionskip=\skip41
\belowcaptionskip=\skip42
\bibindent=\dimen102
)
(/usr/local/texlive/2011/texmf-dist/tex/latex/geometry/geometry.sty
Package: geometry 2010/09/12 v5.6 Page Geometry

(/usr/local/texlive/2011/texmf-dist/tex/latex/graphics/keyval.sty
Package: keyval 1999/03/16 v1.13 key=value parser (DPC)
\KV@toks@=\toks14
)
(/usr/local/texlive/2011/texmf-dist/tex/generic/oberdiek/ifpdf.sty
Package: ifpdf 2011/01/30 v2.3 Provides the ifpdf switch (HO)
Package ifpdf Info: pdfTeX in PDF mode is detected.
)
(/usr/local/texlive/2011/texmf-dist/tex/generic/oberdiek/ifvtex.sty
Package: ifvtex 2010/03/01 v1.5 Switches for detecting VTeX and its modes (HO)
Package ifvtex Info: VTeX not detected.
)
(/usr/local/texlive/2011/texmf-dist/tex/generic/ifxetex/ifxetex.sty
Package: ifxetex 2010/09/12 v0.6 Provides ifxetex conditional
)
\Gm@cnth=\count87
\Gm@cntv=\count88
\c@Gm@tempcnt=\count89
\Gm@bindingoffset=\dimen103
\Gm@wd@mp=\dimen104
\Gm@odd@mp=\dimen105
\Gm@even@mp=\dimen106
\Gm@layoutwidth=\dimen107
\Gm@layoutheight=\dimen108
\Gm@layouthoffset=\dimen109
\Gm@layoutvoffset=\dimen110
\Gm@dimlist=\toks15
)
(/usr/local/texlive/2011/texmf-dist/tex/latex/setspace/setspace.sty
Package: setspace 2000/12/01 6.7 Contributed and Supported LaTeX2e package

Package: `setspace' 6.7 <2000/12/01>
) (/usr/local/texlive/2011/texmf-dist/tex/latex/rotating/rotating.sty
Package: rotating 2009/03/28 v2.16a rotated objects in LaTeX

(/usr/local/texlive/2011/texmf-dist/tex/latex/graphics/graphicx.sty
Package: graphicx 1999/02/16 v1.0f Enhanced LaTeX Graphics (DPC,SPQR)

(/usr/local/texlive/2011/texmf-dist/tex/latex/graphics/graphics.sty
Package: graphics 2009/02/05 v1.0o Standard LaTeX Graphics (DPC,SPQR)

(/usr/local/texlive/2011/texmf-dist/tex/latex/graphics/trig.sty
Package: trig 1999/03/16 v1.09 sin cos tan (DPC)
)
(/usr/local/texlive/2011/texmf-dist/tex/latex/latexconfig/graphics.cfg
File: graphics.cfg 2010/04/23 v1.9 graphics configuration of TeX Live
)
Package graphics Info: Driver file: pdftex.def on input line 91.

(/usr/local/texlive/2011/texmf-dist/tex/latex/pdftex-def/pdftex.def
File: pdftex.def 2011/05/27 v0.06d Graphics/color for pdfTeX

(/usr/local/texlive/2011/texmf-dist/tex/generic/oberdiek/infwarerr.sty
Package: infwarerr 2010/04/08 v1.3 Providing info/warning/message (HO)
)
(/usr/local/texlive/2011/texmf-dist/tex/generic/oberdiek/ltxcmds.sty
Package: ltxcmds 2011/04/18 v1.20 LaTeX kernel commands for general use (HO)
)
\Gread@gobject=\count90
))
\Gin@req@height=\dimen111
\Gin@req@width=\dimen112
)
(/usr/local/texlive/2011/texmf-dist/tex/latex/base/ifthen.sty
Package: ifthen 2001/05/26 v1.1c Standard LaTeX ifthen package (DPC)
)
\c@r@tfl@t=\count91
\rotFPtop=\skip43
\rotFPbot=\skip44
\rot@float@box=\box26
\rot@mess@toks=\toks16
)
(/usr/local/texlive/2011/texmf-dist/tex/latex/fancyhdr/fancyhdr.sty
\fancy@headwidth=\skip45
\f@ncyO@elh=\skip46
\f@ncyO@erh=\skip47
\f@ncyO@olh=\skip48
\f@ncyO@orh=\skip49
\f@ncyO@elf=\skip50
\f@ncyO@erf=\skip51
\f@ncyO@olf=\skip52
\f@ncyO@orf=\skip53
)
(/usr/local/texlive/2011/texmf-dist/tex/latex/parallel/parallel.sty
Package: parallel 2003/04/13, setting two texts parallel (me)

`parallel': setting two texts parallel, (beta 4) 2003/04/13.
\ParallelLWidth=\dimen113
\ParallelRWidth=\dimen114
\ParallelTextWidth=\dimen115
\ParallelLeftMargin=\dimen116
\ParallelUserMidSkip=\dimen117
\ParallelMainMidSkip=\dimen118
\ParallelLBox=\box27
\ParallelRBox=\box28
\ParallelBoxVar=\box29
\ParallelLTok=\box30
\ParallelRTok=\box31
\ParallelBoolVar=\count92
\ParallelBoolMid=\count93
\ParallelWhichBox=\count94
\ParallelMainMode=\count95
\ParallelFNMode=\count96
\ParallelLFNCounter=\count97
\ParallelRFNCounter=\count98
\ParallelMaxFN=\count99
\ParallelFNNumMode=\count100
)
(/usr/local/texlive/2011/texmf-dist/tex/latex/sauerj/parcolumns.sty
Package: parcolumns 2004/11/25 v1.2 Typeset multiple parallel columns

(/usr/local/texlive/2011/texmf-dist/tex/latex/sauerj/processkv.sty
Package: processkv 2004/08/09 v1.0.1 process key=value lists
)
\pc@columnctr=\count101
\pc@columncount=\count102
\pc@everypar=\toks17
)
(/usr/local/texlive/2011/texmf-dist/tex/latex/tools/array.sty
Package: array 2008/09/09 v2.4c Tabular extension package (FMi)
\col@sep=\dimen119
\extrarowheight=\dimen120
\NC@list=\toks18
\extratabsurround=\skip54
\backup@length=\skip55
)
(/usr/local/texlive/2011/texmf-dist/tex/latex/amsmath/amsmath.sty
Package: amsmath 2000/07/18 v2.13 AMS math features
\@mathmargin=\skip56

For additional information on amsmath, use the `?' option.
(/usr/local/texlive/2011/texmf-dist/tex/latex/amsmath/amstext.sty
Package: amstext 2000/06/29 v2.01

(/usr/local/texlive/2011/texmf-dist/tex/latex/amsmath/amsgen.sty
File: amsgen.sty 1999/11/30 v2.0
\@emptytoks=\toks19
\ex@=\dimen121
))
(/usr/local/texlive/2011/texmf-dist/tex/latex/amsmath/amsbsy.sty
Package: amsbsy 1999/11/29 v1.2d
\pmbraise@=\dimen122
)
(/usr/local/texlive/2011/texmf-dist/tex/latex/amsmath/amsopn.sty
Package: amsopn 1999/12/14 v2.01 operator names
)
\inf@bad=\count103
LaTeX Info: Redefining \frac on input line 211.
\uproot@=\count104
\leftroot@=\count105
LaTeX Info: Redefining \overline on input line 307.
\classnum@=\count106
\DOTSCASE@=\count107
LaTeX Info: Redefining \ldots on input line 379.
LaTeX Info: Redefining \dots on input line 382.
LaTeX Info: Redefining \cdots on input line 467.
\Mathstrutbox@=\box32
\strutbox@=\box33
\big@size=\dimen123
LaTeX Font Info:    Redeclaring font encoding OML on input line 567.
LaTeX Font Info:    Redeclaring font encoding OMS on input line 568.
\macc@depth=\count108
\c@MaxMatrixCols=\count109
\dotsspace@=\muskip10
\c@parentequation=\count110
\dspbrk@lvl=\count111
\tag@help=\toks20
\row@=\count112
\column@=\count113
\maxfields@=\count114
\andhelp@=\toks21
\eqnshift@=\dimen124
\alignsep@=\dimen125
\tagshift@=\dimen126
\tagwidth@=\dimen127
\totwidth@=\dimen128
\lineht@=\dimen129
\@envbody=\toks22
\multlinegap=\skip57
\multlinetaggap=\skip58
\mathdisplay@stack=\toks23
LaTeX Info: Redefining \[ on input line 2666.
LaTeX Info: Redefining \] on input line 2667.
)
(/usr/local/texlive/2011/texmf-dist/tex/latex/amsfonts/amssymb.sty
Package: amssymb 2009/06/22 v3.00

(/usr/local/texlive/2011/texmf-dist/tex/latex/amsfonts/amsfonts.sty
Package: amsfonts 2009/06/22 v3.00 Basic AMSFonts support
\symAMSa=\mathgroup4
\symAMSb=\mathgroup5
LaTeX Font Info:    Overwriting math alphabet `\mathfrak' in version `bold'
(Font)                  U/euf/m/n --> U/euf/b/n on input line 96.
))
(/usr/local/texlive/2011/texmf-dist/tex/latex/tools/tabularx.sty
Package: tabularx 1999/01/07 v2.07 `tabularx' package (DPC)
\TX@col@width=\dimen130
\TX@old@table=\dimen131
\TX@old@col=\dimen132
\TX@target=\dimen133
\TX@delta=\dimen134
\TX@cols=\count115
\TX@ftn=\toks24
)
(/usr/local/texlive/2011/texmf-dist/tex/latex/booktabs/booktabs.sty
Package: booktabs 2005/04/14 v1.61803 publication quality tables
\heavyrulewidth=\dimen135
\lightrulewidth=\dimen136
\cmidrulewidth=\dimen137
\belowrulesep=\dimen138
\belowbottomsep=\dimen139
\aboverulesep=\dimen140
\abovetopsep=\dimen141
\cmidrulesep=\dimen142
\cmidrulekern=\dimen143
\defaultaddspace=\dimen144
\@cmidla=\count116
\@cmidlb=\count117
\@aboverulesep=\dimen145
\@belowrulesep=\dimen146
\@thisruleclass=\count118
\@lastruleclass=\count119
\@thisrulewidth=\dimen147
)
(/usr/local/texlive/2011/texmf-dist/tex/latex/tools/multicol.sty
Package: multicol 2008/12/05 v1.6h multicolumn formatting (FMi)
\c@tracingmulticols=\count120
\mult@box=\box34
\multicol@leftmargin=\dimen148
\c@unbalance=\count121
\c@collectmore=\count122
\doublecol@number=\count123
\multicoltolerance=\count124
\multicolpretolerance=\count125
\full@width=\dimen149
\page@free=\dimen150
\premulticols=\dimen151
\postmulticols=\dimen152
\multicolsep=\skip59
\multicolbaselineskip=\skip60
\partial@page=\box35
\last@line=\box36
\mult@rightbox=\box37
\mult@grightbox=\box38
\mult@gfirstbox=\box39
\mult@firstbox=\box40
\@tempa=\box41
\@tempa=\box42
\@tempa=\box43
\@tempa=\box44
\@tempa=\box45
\@tempa=\box46
\@tempa=\box47
\@tempa=\box48
\@tempa=\box49
\@tempa=\box50
\@tempa=\box51
\@tempa=\box52
\@tempa=\box53
\@tempa=\box54
\@tempa=\box55
\@tempa=\box56
\@tempa=\box57
\c@columnbadness=\count126
\c@finalcolumnbadness=\count127
\last@try=\dimen153
\multicolovershoot=\dimen154
\multicolundershoot=\dimen155
\mult@nat@firstbox=\box58
\colbreak@box=\box59
)
(/usr/local/texlive/2011/texmf-dist/tex/latex/multirow/multirow.sty
\bigstrutjot=\dimen156
)
(/usr/local/texlive/2011/texmf-dist/tex/latex/tools/longtable.sty
Package: longtable 2004/02/01 v4.11 Multi-page Table package (DPC)
\LTleft=\skip61
\LTright=\skip62
\LTpre=\skip63
\LTpost=\skip64
\LTchunksize=\count128
\LTcapwidth=\dimen157
\LT@head=\box60
\LT@firsthead=\box61
\LT@foot=\box62
\LT@lastfoot=\box63
\LT@cols=\count129
\LT@rows=\count130
\c@LT@tables=\count131
\c@LT@chunks=\count132
\LT@p@ftn=\toks25
)
(/usr/local/texlive/2011/texmf-dist/tex/latex/siunitx/siunitx.sty
(/usr/local/texlive/2011/texmf-dist/tex/latex/expl3/expl3.sty
(/usr/local/texlive/2011/texmf-dist/tex/latex/expl3/l3names.sty
Package: l3names 2011/01/08 v2122 L3 Experimental Naming Scheme for TeX Primiti
ves
)
Package: expl3 2011/04/09 v2222 L3 Experimental code bundle wrapper

(/usr/local/texlive/2011/texmf-dist/tex/latex/etex-pkg/etex.sty
Package: etex 1998/03/26 v2.0 eTeX basic definition package (PEB)
\et@xins=\count133
)
(/usr/local/texlive/2011/texmf-dist/tex/latex/expl3/l3basics.sty
Package: l3basics 2011/04/23 v2246 L3 Experimental basic definitions
)
(/usr/local/texlive/2011/texmf-dist/tex/latex/expl3/l3expan.sty
Package: l3expan 2011/04/09 v2223 L3 Experimental Argument Expansion module
)
(/usr/local/texlive/2011/texmf-dist/tex/latex/expl3/l3tl.sty
Package: l3tl 2011/04/09 v2223 L3 Experimental Token Lists
)
(/usr/local/texlive/2011/texmf-dist/tex/latex/expl3/l3int.sty
Package: l3int 2011/04/11 v2229 L3 Experimental Integer module
\l_tmpa_int=\count134
\l_tmpb_int=\count135
\l_tmpc_int=\count136
\g_tmpa_int=\count137
\g_tmpb_int=\count138
\c_max_int=\count139
\g_tl_inline_level_int=\count140
\g_prg_inline_level_int=\count141
)
(/usr/local/texlive/2011/texmf-dist/tex/latex/expl3/l3quark.sty
Package: l3quark 2011/04/14 v2234 L3 Experimental Quark Commands
)
(/usr/local/texlive/2011/texmf-dist/tex/latex/expl3/l3seq.sty
Package: l3seq 2011/04/21 v2245 The LaTeX3 kernel: sequences and stacks
\g_seq_nesting_depth_int=\count142
)
(/usr/local/texlive/2011/texmf-dist/tex/latex/expl3/l3toks.sty
Package: l3toks 2011/04/09 v2223 L3 Experimental Token Registers
\l_tmpb_toks=\toks26
\l_tmpc_toks=\toks27
\g_tmpa_toks=\toks28
\g_tmpb_toks=\toks29
\g_tmpc_toks=\toks30
\c_empty_toks=\toks31
\l_tl_replace_toks=\toks32
)
(/usr/local/texlive/2011/texmf-dist/tex/latex/expl3/l3prg.sty
Package: l3prg 2011/04/09 v2223 L3 Experimental control structures
)
(/usr/local/texlive/2011/texmf-dist/tex/latex/expl3/l3clist.sty
Package: l3clist 2011/04/09 v2223 L3 Experimental comma separated lists
\g_clist_map_inline_int=\count143
)
(/usr/local/texlive/2011/texmf-dist/tex/latex/expl3/l3token.sty
Package: l3token 2011/04/09 v2223 L3 Experimental token investigation and manip
ulation
)
(/usr/local/texlive/2011/texmf-dist/tex/latex/expl3/l3prop.sty
Package: l3prop 2011/04/09 v2223 L3 Experimental Property Lists
\g_prop_inline_level_int=\count144
)
(/usr/local/texlive/2011/texmf-dist/tex/latex/expl3/l3msg.sty
Package: l3msg 2010/10/02 v2052 L3 Experimental LaTeX Messages module
\l_msg_redirect_classes_prop=\toks33
\l_msg_redirect_names_prop=\toks34
\l_msg_redirect_fatal_prop=\toks35
\l_msg_redirect_error_prop=\toks36
\l_msg_redirect_warning_prop=\toks37
\l_msg_redirect_info_prop=\toks38
\l_msg_redirect_log_prop=\toks39
\l_msg_redirect_trace_prop=\toks40
\l_msg_redirect_none_prop=\toks41
)
(/usr/local/texlive/2011/texmf-dist/tex/latex/expl3/l3io.sty
Package: l3io 2010/10/03 v2063 L3 Experimental i/o module
\g_iow_streams_prop=\toks42
\g_ior_streams_prop=\toks43
\l_iow_stream_int=\count145
)
(/usr/local/texlive/2011/texmf-dist/tex/latex/expl3/l3skip.sty
Package: l3skip 2011/02/15 v2149 L3 Experimental skip registers
\l_tmpa_skip=\skip65
\l_tmpb_skip=\skip66
\l_tmpc_skip=\skip67
\g_tmpa_skip=\skip68
\g_tmpb_skip=\skip69
\l_tmpa_dim=\dimen158
\l_tmpb_dim=\dimen159
\l_tmpc_dim=\dimen160
\l_tmpd_dim=\dimen161
\g_tmpa_dim=\dimen162
\g_tmpb_dim=\dimen163
)
(/usr/local/texlive/2011/texmf-dist/tex/latex/expl3/l3box.sty
Package: l3box 2011/04/09 v2223 L3 Experimental Box module
\l_tmpb_box=\box64
)
(/usr/local/texlive/2011/texmf-dist/tex/latex/expl3/l3keyval.sty
Package: l3keyval 2011/04/09 v2223 L3 Experimental keyval processing
\l_KV_level_int=\count146
)
(/usr/local/texlive/2011/texmf-dist/tex/latex/expl3/l3keys.sty
Package: l3keys 2010/11/11 v2082 L3 Experimental key-value support
\l_keys_choice_int=\count147
)
(/usr/local/texlive/2011/texmf-dist/tex/latex/expl3/l3precom.sty
Package: l3precom 2011/04/09 v2223 L3 Experimental precompilation module
\g_gen_sym_int=\count148
\g_ggen_sym_int=\count149
)
(/usr/local/texlive/2011/texmf-dist/tex/latex/expl3/l3xref.sty
Package: l3xref 2011/04/09 v2223 L3 Experimental cross referencing
\g_xref_all_curr_immediate_fields_prop=\toks44
\g_xref_all_curr_deferred_fields_prop=\toks45
)
(/usr/local/texlive/2011/texmf-dist/tex/latex/expl3/l3file.sty
Package: l3file 2011/04/21 v2242 The LaTeX3 kernel: file operations
)
(/usr/local/texlive/2011/texmf-dist/tex/latex/expl3/l3fp.sty
Package: l3fp 2011/03/19 v2201 L3 Experimental floating-point operations
\c_one_million=\count150
\c_one_hundred_million=\count151
\c_five_hundred_million=\count152
\c_one_thousand_million=\count153
\c_fp_pi_by_four_decimal_int=\count154
\c_fp_pi_by_four_extended_int=\count155
\c_fp_pi_decimal_int=\count156
\c_fp_pi_extended_int=\count157
\c_fp_two_pi_decimal_int=\count158
\c_fp_two_pi_extended_int=\count159
\l_fp_count_int=\count160
\l_fp_div_offset_int=\count161
\l_fp_exp_integer_int=\count162
\l_fp_exp_decimal_int=\count163
\l_fp_exp_extended_int=\count164
\l_fp_exp_exponent_int=\count165
\l_fp_input_a_sign_int=\count166
\l_fp_input_a_integer_int=\count167
\l_fp_input_a_decimal_int=\count168
\l_fp_input_a_exponent_int=\count169
\l_fp_input_b_sign_int=\count170
\l_fp_input_b_integer_int=\count171
\l_fp_input_b_decimal_int=\count172
\l_fp_input_b_exponent_int=\count173
\l_fp_input_a_extended_int=\count174
\l_fp_input_b_extended_int=\count175
\l_fp_mul_a_i_int=\count176
\l_fp_mul_a_ii_int=\count177
\l_fp_mul_a_iii_int=\count178
\l_fp_mul_a_iv_int=\count179
\l_fp_mul_a_v_int=\count180
\l_fp_mul_a_vi_int=\count181
\l_fp_mul_b_i_int=\count182
\l_fp_mul_b_ii_int=\count183
\l_fp_mul_b_iii_int=\count184
\l_fp_mul_b_iv_int=\count185
\l_fp_mul_b_v_int=\count186
\l_fp_mul_b_vi_int=\count187
\l_fp_mul_output_int=\count188
\l_fp_output_sign_int=\count189
\l_fp_output_integer_int=\count190
\l_fp_output_decimal_int=\count191
\l_fp_output_exponent_int=\count192
\l_fp_output_extended_int=\count193
\l_fp_round_position_int=\count194
\l_fp_round_target_int=\count195
\l_fp_split_sign_int=\count196
\l_fp_tmp_int=\count197
\l_fp_trig_octant_int=\count198
\l_fp_trig_sign_int=\count199
\l_fp_trig_decimal_int=\count200
\l_fp_trig_extended_int=\count201
\l_fp_tmp_dim=\dimen164
\l_fp_tmp_skip=\skip70
)
(/usr/local/texlive/2011/texmf-dist/tex/latex/expl3/l3luatex.sty
Package: l3luatex 2010/07/18 v1985 L3 Experimental LuaTeX functions
Normal \count register pool exhausted, switching to extended pool.
\g_cctab_allocate_int=\count277
\g_cctab_stack_int=\count278
)
(/usr/local/texlive/2011/texmf-dist/tex/latex/tools/calc.sty
Package: calc 2007/08/22 v4.3 Infix arithmetic (KKT,FJ)
\calc@Acount=\count279
\calc@Bcount=\count280
\calc@Adimen=\dimen165
\calc@Bdimen=\dimen166
\calc@Askip=\skip71
\calc@Bskip=\skip72
LaTeX Info: Redefining \setlength on input line 76.
LaTeX Info: Redefining \addtolength on input line 77.
\calc@Ccount=\count281
\calc@Cskip=\skip73
))
Package: siunitx 2011/06/15 v2.2i A comprehensive (SI) units package

(/usr/local/texlive/2011/texmf-dist/tex/latex/xpackages/xbase/xparse.sty
Package: xparse 2011/04/08 v2219 Generic document command parser
\c_xparse_shorthands_prop=\toks46
\l_xparse_m_args_int=\count282
\l_xparse_mandatory_args_int=\count283
\l_xparse_processor_int=\count284
\l_xparse_total_args_int=\count285
)
(/usr/local/texlive/2011/texmf-dist/tex/latex/xpackages/xtras/l3keys2e.sty
Package: l3keys2e 2011/05/06 v2320 Parsing LaTeX3 keyvals as LaTeX2e package op
tions
)
\l_siunitx_tmp_box=\box65
\l_siunitx_tmp_int=\count286
\l_siunitx_number_in_prop=\toks47
\l_siunitx_number_mantissa_length_int=\count287
\l_siunitx_number_uncert_length_int=\count288
\l_siunitx_round_int=\count289
\l_siunitx_process_decimal_int=\count290
\l_siunitx_process_uncertainty_int=\count291
\l_siunitx_process_fixed_int=\count292
\l_siunitx_process_integer_min_int=\count293
\l_siunitx_process_precision_int=\count294
\l_siunitx_number_out_prop=\toks48
\l_siunitx_angle_marker_box=\box66
\l_siunitx_angle_unit_box=\box67
\l_siunitx_angle_marker_dim=\dimen167
\l_siunitx_angle_unit_dim=\dimen168
\l_siunitx_angle_degree_prop=\toks49
\l_siunitx_angle_minute_prop=\toks50
\l_siunitx_angle_second_prop=\toks51
\l_siunitx_unit_int=\count295
\l_siunitx_unit_prop=\toks52
\l_siunitx_unit_denominator_int=\count296
\l_siunitx_unit_numerator_int=\count297
\l_siunitx_unit_prefix_int=\count298
\l_siunitx_unit_prefix_base_int=\count299
\l_siunitx_unit_prefix_gram_int=\count300
\l_siunitx_number_product_int=\count301
\c_siunitx_one_fill_skip=\skip74
\l_siunitx_table_unit_align_skip=\skip75
\l_siunitx_table_fill_box=\box68
\l_siunitx_table_fill_dim=\dimen169
\l_siunitx_table_pre_box=\box69
\l_siunitx_table_post_box=\box70
\l_siunitx_table_result_box=\box71
\l_siunitx_table_comparator_dim=\dimen170
\l_siunitx_table_decimal_dim=\dimen171
\l_siunitx_table_exponent_dim=\dimen172
\l_siunitx_table_integer_dim=\dimen173
\l_siunitx_table_mantissa_dim=\dimen174
\l_siunitx_table_marker_dim=\dimen175
\l_siunitx_table_result_dim=\dimen176
\l_siunitx_table_uncert_dim=\dimen177
\l_siunitx_table_gap_dim=\dimen178
\l_siunitx_table_model_prop=\toks53
\l_siunitx_table_space_dim=\dimen179
\l_siunitx_table_number_align_skip=\skip76
\l_siunitx_table_text_align_skip=\skip77
\l_siunitx_table_decimal_int=\count302
\l_siunitx_table_exponent_int=\count303
\l_siunitx_table_integer_int=\count304
\l_siunitx_table_uncert_int=\count305
 LaTeX info: Defining document command \DeclareBinaryPrefix
(LaTeX)  with arg. spec. 'mmm' on line 6794.

 LaTeX info: Defining document command \DeclareSIPostPower
(LaTeX)  with arg. spec. 'mm' on line 6797.

 LaTeX info: Defining document command \DeclareSIPrefix
(LaTeX)  with arg. spec. 'mmm' on line 6800.

 LaTeX info: Defining document command \DeclareSIPrePower
(LaTeX)  with arg. spec. 'mm' on line 6803.

 LaTeX info: Defining document command \DeclareSIQualifier
(LaTeX)  with arg. spec. 'mm' on line 6806.

 LaTeX info: Defining document command \DeclareSIUnit
(LaTeX)  with arg. spec. 'O{}mm' on line 6809.

 LaTeX info: Defining document command \DeclareSIUnitWithOptions
(LaTeX)  with arg. spec. 'mmm' on line 6812.

 LaTeX info: Defining document command \ang
(LaTeX)  with arg. spec. 'o>{\SplitArgument {2}{;}}m' on line 6827.

 LaTeX info: Defining document command \num
(LaTeX)  with arg. spec. 'om' on line 6834.

 LaTeX info: Defining document command \numlist
(LaTeX)  with arg. spec. 'o>{\SplitList {;}}m' on line 6841.

 LaTeX info: Defining document command \numrange
(LaTeX)  with arg. spec. 'omm' on line 6848.

 LaTeX info: Defining document command \SIlist
(LaTeX)  with arg. spec. 'o>{\SplitList {;}}mm' on line 6858.

 LaTeX info: Defining document command \SIrange
(LaTeX)  with arg. spec. 'ommm' on line 6868.

 LaTeX info: Defining document command \SI
(LaTeX)  with arg. spec. 'omom' on line 6878.

 LaTeX info: Defining document command \sisetup
(LaTeX)  with arg. spec. 'm' on line 6881.

 LaTeX info: Defining document command \tablenum
(LaTeX)  with arg. spec. 'om' on line 6892.

 LaTeX info: Defining document command \si
(LaTeX)  with arg. spec. 'om' on line 6902.

 LaTeX info: Defining document command \siunitx_bookmark_num:w
(LaTeX)  with arg. spec. 'om' on line 6939.

 LaTeX info: Defining document command \siunitx_bookmark_numrange:w
(LaTeX)  with arg. spec. 'omm' on line 6941.

 LaTeX info: Defining document command \siunitx_bookmark_SI:w
(LaTeX)  with arg. spec. 'omom' on line 6943.

 LaTeX info: Defining document command \siunitx_bookmark_SIlist:w
(LaTeX)  with arg. spec. 'omm' on line 6945.

 LaTeX info: Defining document command \siunitx_bookmark_SIrange:w
(LaTeX)  with arg. spec. 'ommm' on line 6947.

 LaTeX info: Defining document command \siunitx_bookmark_si:w
(LaTeX)  with arg. spec. 'om' on line 6948.

\g_ior_tmp_stream=\read1

(/usr/local/texlive/2011/texmf-dist/tex/latex/beamer/translator/translator.sty
Package: translator 2010/06/12 ver 1.10

(/usr/local/texlive/2011/texmf-dist/tex/latex/beamer/translator/translator-lang
uage-mappings.tex))
 siunitx warning: Version 1 option 'decimalsymbol' detected.


(/usr/local/texlive/2011/texmf-dist/tex/latex/siunitx/config/siunitx-version-1.
cfg
File: siunitx-version-1.cfg 2011/06/15 v2.2i siunitx: Version 1 settings

(/usr/local/texlive/2011/texmf-dist/tex/latex/siunitx/config/siunitx-abbreviati
ons.cfg
File: siunitx-abbreviations.cfg 2010/08/12 v2.0s siunitx: Abbreviated units
)
(/usr/local/texlive/2011/texmf-dist/tex/latex/siunitx/config/siunitx-binary.cfg
File: siunitx-binary.cfg 2011/06/15 v2.2i siunitx: Binary units
)
 LaTeX info: Defining document command \newpower
(LaTeX)  with arg. spec. 'omm' on line 638.

 LaTeX info: Defining document command \renewpower
(LaTeX)  with arg. spec. 'omm' on line 643.

 LaTeX info: Defining document command \providepower
(LaTeX)  with arg. spec. 'omm' on line 648.

 LaTeX info: Defining document command \newprefix
(LaTeX)  with arg. spec. 'ommm' on line 653.

 LaTeX info: Defining document command \renewprefix
(LaTeX)  with arg. spec. 'ommm' on line 658.

 LaTeX info: Defining document command \provideprefix
(LaTeX)  with arg. spec. 'ommm' on line 663.

 LaTeX info: Defining document command \newqualifier
(LaTeX)  with arg. spec. 'mm' on line 666.

 LaTeX info: Defining document command \requiresiconfigs
(LaTeX)  with arg. spec. 'm' on line 736.

)) (/usr/local/texlive/2011/texmf-dist/tex/latex/caption/caption.sty
Package: caption 2010/01/09 v3.1m Customizing captions (AR)

(/usr/local/texlive/2011/texmf-dist/tex/latex/caption/caption3.sty
Package: caption3 2010/01/14 v3.1m caption3 kernel (AR)
\captionmargin=\dimen180
\captionmargin@=\dimen181
\captionwidth=\dimen182
\caption@indent=\dimen183
\caption@parindent=\dimen184
\caption@hangindent=\dimen185
)
\c@ContinuedFloat=\count306
Package caption Info: longtable package is loaded.

(/usr/local/texlive/2011/texmf-dist/tex/latex/caption/ltcaption.sty
Package: ltcaption 2008/03/28 v1.2 longtable captions (AR)
)
Package caption Info: rotating package is loaded.
)
(/usr/local/texlive/2011/texmf-dist/tex/latex/natbib/natbib.sty
Package: natbib 2010/09/13 8.31b (PWD, AO)
\bibhang=\skip78
\bibsep=\skip79
LaTeX Info: Redefining \cite on input line 694.
\c@NAT@ctr=\count307
)
(/usr/local/texlive/2011/texmf-dist/tex/latex/footmisc/footmisc.sty
Package: footmisc 2009/09/15 v5.5a a miscellany of footnote facilities
\FN@temptoken=\toks54
\footnotemargin=\dimen186


LaTeX Warning: Command \@makecol  has changed.
               Check if current package is valid.

\c@pp@next@reset=\count308
Package footmisc Info: Declaring symbol style bringhurst on input line 855.
Package footmisc Info: Declaring symbol style chicago on input line 863.
Package footmisc Info: Declaring symbol style wiley on input line 872.
Package footmisc Info: Declaring symbol style lamport-robust on input line 883.

Package footmisc Info: Declaring symbol style lamport* on input line 903.
Package footmisc Info: Declaring symbol style lamport*-robust on input line 924
.
) (/usr/local/texlive/2011/texmf-dist/tex/latex/tools/enumerate.sty
Package: enumerate 1999/03/05 v3.00 enumerate extensions (DPC)
\@enLab=\toks55
)
(/usr/local/texlive/2011/texmf-dist/tex/latex/paralist/paralist.sty
Package: paralist 2002/03/18 v2.3b Extended list environments (BS)
\pltopsep=\skip80
\plpartopsep=\skip81
\plitemsep=\skip82
\plparsep=\skip83
\pl@lab=\toks56
)
(/usr/local/texlive/2011/texmf-dist/tex/latex/xcolor/xcolor.sty
Package: xcolor 2007/01/21 v2.11 LaTeX color extensions (UK)

(/usr/local/texlive/2011/texmf-dist/tex/latex/latexconfig/color.cfg
File: color.cfg 2007/01/18 v1.5 color configuration of teTeX/TeXLive
)
Package xcolor Info: Driver file: pdftex.def on input line 225.
Package xcolor Info: Model `cmy' substituted by `cmy0' on input line 1337.
Package xcolor Info: Model `hsb' substituted by `rgb' on input line 1341.
Package xcolor Info: Model `RGB' extended on input line 1353.
Package xcolor Info: Model `HTML' substituted by `rgb' on input line 1355.
Package xcolor Info: Model `Hsb' substituted by `hsb' on input line 1356.
Package xcolor Info: Model `tHsb' substituted by `hsb' on input line 1357.
Package xcolor Info: Model `HSB' substituted by `hsb' on input line 1358.
Package xcolor Info: Model `Gray' substituted by `gray' on input line 1359.
Package xcolor Info: Model `wave' substituted by `hsb' on input line 1360.

(/usr/local/texlive/2011/texmf-dist/tex/latex/xcolor/x11nam.def
File: x11nam.def 2007/01/21 v2.11 Predefined colors according to Unix/X11 (UK)
))
(/usr/local/texlive/2011/texmf-dist/tex/latex/hyperref/hyperref.sty
Package: hyperref 2011/04/17 v6.82g Hypertext links for LaTeX

(/usr/local/texlive/2011/texmf-dist/tex/generic/oberdiek/hobsub-hyperref.sty
Package: hobsub-hyperref 2011/04/23 v1.4 Bundle oberdiek, subset hyperref (HO)

(/usr/local/texlive/2011/texmf-dist/tex/generic/oberdiek/hobsub-generic.sty
Package: hobsub-generic 2011/04/23 v1.4 Bundle oberdiek, subset generic (HO)
Package: hobsub 2011/04/23 v1.4 Subsetting bundle oberdiek (HO)
Package hobsub Info: Skipping package `infwarerr' (already loaded).
Package hobsub Info: Skipping package `ltxcmds' (already loaded).
Package: ifluatex 2010/03/01 v1.3 Provides the ifluatex switch (HO)
Package ifluatex Info: LuaTeX not detected.
Package hobsub Info: Skipping package `ifvtex' (already loaded).
Package: intcalc 2007/09/27 v1.1 Expandable integer calculations (HO)
Package hobsub Info: Skipping package `ifpdf' (already loaded).
Package: etexcmds 2011/02/16 v1.5 Prefix for e-TeX command names (HO)
Package etexcmds Info: Could not find \expanded.
(etexcmds)             That can mean that you are not using pdfTeX 1.50 or
(etexcmds)             that some package has redefined \expanded.
(etexcmds)             In the latter case, load this package earlier.
Package: kvsetkeys 2011/04/07 v1.13 Key value parser (HO)
Package: kvdefinekeys 2011/04/07 v1.3 Defining keys (HO)
Package: pdftexcmds 2011/04/22 v0.16 Utilities of pdfTeX for LuaTeX (HO)
Package pdftexcmds Info: LuaTeX not detected.
Package pdftexcmds Info: \pdf@primitive is available.
Package pdftexcmds Info: \pdf@ifprimitive is available.
Package pdftexcmds Info: \pdfdraftmode found.
Package: pdfescape 2011/04/04 v1.12 Provides string conversions (HO)
Package: bigintcalc 2011/01/30 v1.2 Expandable big integer calculations (HO)
Package: bitset 2011/01/30 v1.1 Data type bit set (HO)
Package: uniquecounter 2011/01/30 v1.2 Provides unlimited unique counter (HO)
)
Package hobsub Info: Skipping package `hobsub' (already loaded).
Package: letltxmacro 2010/09/02 v1.4 Let assignment for LaTeX macros (HO)
Package: hopatch 2011/01/30 v1.0 Wrapper for package hooks (HO)
Package: xcolor-patch 2011/01/30 xcolor patch
Package: atveryend 2011/04/23 v1.7 Hooks at very end of document (HO)
Package atveryend Info: \enddocument detected (standard).
Package: atbegshi 2011/01/30 v1.15 At begin shipout hook (HO)
Package: refcount 2010/12/01 v3.2 Data extraction from references (HO)
Package: hycolor 2011/01/30 v1.7 Color options of hyperref/bookmark (HO)
)
(/usr/local/texlive/2011/texmf-dist/tex/latex/oberdiek/kvoptions.sty
Package: kvoptions 2010/12/23 v3.10 Keyval support for LaTeX options (HO)
)
\@linkdim=\dimen187
\Hy@linkcounter=\count309
\Hy@pagecounter=\count310

(/usr/local/texlive/2011/texmf-dist/tex/latex/hyperref/pd1enc.def
File: pd1enc.def 2011/04/17 v6.82g Hyperref: PDFDocEncoding definition (HO)
)
\Hy@SavedSpaceFactor=\count311

(/usr/local/texlive/2011/texmf-dist/tex/latex/latexconfig/hyperref.cfg
File: hyperref.cfg 2002/06/06 v1.2 hyperref configuration of TeXLive
)
Package hyperref Info: Hyper figures OFF on input line 4026.
Package hyperref Info: Link nesting OFF on input line 4031.
Package hyperref Info: Hyper index ON on input line 4034.
Package hyperref Info: Plain pages OFF on input line 4041.
Package hyperref Info: Backreferencing OFF on input line 4046.
Package hyperref Info: Implicit mode ON; LaTeX internals redefined.
Package hyperref Info: Bookmarks ON on input line 4264.
\c@Hy@tempcnt=\count312

(/usr/local/texlive/2011/texmf-dist/tex/latex/url/url.sty
\Urlmuskip=\muskip11
Package: url 2006/04/12  ver 3.3  Verb mode for urls, etc.
)
LaTeX Info: Redefining \url on input line 4617.
\Fld@menulength=\count313
\Field@Width=\dimen188
\Fld@charsize=\dimen189
Package hyperref Info: Hyper figures OFF on input line 5701.
Package hyperref Info: Link nesting OFF on input line 5706.
Package hyperref Info: Hyper index ON on input line 5709.
Package hyperref Info: backreferencing OFF on input line 5716.
Package hyperref Info: Link coloring OFF on input line 5721.
Package hyperref Info: Link coloring with OCG OFF on input line 5726.
Package hyperref Info: PDF/A mode OFF on input line 5731.
LaTeX Info: Redefining \ref on input line 5771.
LaTeX Info: Redefining \pageref on input line 5775.
\Hy@abspage=\count314
\c@Item=\count315
)

Package hyperref Message: Driver: hpdftex.

(/usr/local/texlive/2011/texmf-dist/tex/latex/hyperref/hpdftex.def
File: hpdftex.def 2011/04/17 v6.82g Hyperref driver for pdfTeX
\Fld@listcount=\count316
\c@bookmark@seq@number=\count317

(/usr/local/texlive/2011/texmf-dist/tex/latex/oberdiek/rerunfilecheck.sty
Package: rerunfilecheck 2011/04/15 v1.7 Rerun checks for auxiliary files (HO)
Package uniquecounter Info: New unique counter `rerunfilecheck' on input line 2
82.
)
\Hy@SectionHShift=\skip84
)
(/usr/local/texlive/2011/texmf-dist/tex/latex/subfig/subfig.sty
Package: subfig 2005/06/28 ver: 1.3 subfig package
\c@KVtest=\count318
\sf@farskip=\skip85
\sf@captopadj=\dimen190
\sf@capskip=\skip86
\sf@nearskip=\skip87
\c@subfigure=\count319
\c@subfigure@save=\count320
\c@lofdepth=\count321
\c@subtable=\count322
\c@subtable@save=\count323
\c@lotdepth=\count324
\sf@top=\skip88
\sf@bottom=\skip89
)
(/usr/local/texlive/2011/texmf-dist/tex/latex/oberdiek/grffile.sty
Package: grffile 2010/12/09 v1.13 Extended file name support for graphics (HO)
Package grffile Info: Option `multidot' is set to `true'.
Package grffile Info: Option `extendedchars' is set to `false'.
Package grffile Info: Option `space' is set to `true'.
Package grffile Info: \Gin@ii of package `graphicx' fixed on input line 453.
)
(/usr/local/texlive/2011/texmf-dist/tex/latex/placeins/placeins.sty
Package: placeins 2005/04/18  v 2.2
)
(/usr/local/texlive/2011/texmf-dist/tex/latex/pgf/frontendlayer/tikz.sty
(/usr/local/texlive/2011/texmf-dist/tex/latex/pgf/basiclayer/pgf.sty
(/usr/local/texlive/2011/texmf-dist/tex/latex/pgf/utilities/pgfrcs.sty
(/usr/local/texlive/2011/texmf-dist/tex/generic/pgf/utilities/pgfutil-common.te
x
\pgfutil@everybye=\toks57
)
(/usr/local/texlive/2011/texmf-dist/tex/generic/pgf/utilities/pgfutil-latex.def
\pgfutil@abb=\box72
(/usr/local/texlive/2011/texmf-dist/tex/latex/ms/everyshi.sty
Package: everyshi 2001/05/15 v3.00 EveryShipout Package (MS)
))
(/usr/local/texlive/2011/texmf-dist/tex/generic/pgf/utilities/pgfrcs.code.tex
Package: pgfrcs 2010/10/25 v2.10 (rcs-revision 1.24)
))
Package: pgf 2008/01/15 v2.10 (rcs-revision 1.12)
(/usr/local/texlive/2011/texmf-dist/tex/latex/pgf/basiclayer/pgfcore.sty
(/usr/local/texlive/2011/texmf-dist/tex/latex/pgf/systemlayer/pgfsys.sty
(/usr/local/texlive/2011/texmf-dist/tex/generic/pgf/systemlayer/pgfsys.code.tex
Package: pgfsys 2010/06/30 v2.10 (rcs-revision 1.37)
(/usr/local/texlive/2011/texmf-dist/tex/generic/pgf/utilities/pgfkeys.code.tex
\pgfkeys@pathtoks=\toks58
\pgfkeys@temptoks=\toks59

(/usr/local/texlive/2011/texmf-dist/tex/generic/pgf/utilities/pgfkeysfiltered.c
ode.tex
\pgfkeys@tmptoks=\toks60
))
\pgf@x=\dimen191
\pgf@y=\dimen192
\pgf@xa=\dimen193
\pgf@ya=\dimen194
\pgf@xb=\dimen195
\pgf@yb=\dimen196
\pgf@xc=\dimen197
\pgf@yc=\dimen198
\w@pgf@writea=\write3
\r@pgf@reada=\read2
\c@pgf@counta=\count325
\c@pgf@countb=\count326
\c@pgf@countc=\count327
\c@pgf@countd=\count328

(/usr/local/texlive/2011/texmf-dist/tex/generic/pgf/systemlayer/pgf.cfg
File: pgf.cfg 2008/05/14  (rcs-revision 1.7)
)
Package pgfsys Info: Driver file for pgf: pgfsys-pdftex.def on input line 900.

(/usr/local/texlive/2011/texmf-dist/tex/generic/pgf/systemlayer/pgfsys-pdftex.d
ef
File: pgfsys-pdftex.def 2009/05/22  (rcs-revision 1.26)

(/usr/local/texlive/2011/texmf-dist/tex/generic/pgf/systemlayer/pgfsys-common-p
df.def
File: pgfsys-common-pdf.def 2008/05/19  (rcs-revision 1.10)
)))
(/usr/local/texlive/2011/texmf-dist/tex/generic/pgf/systemlayer/pgfsyssoftpath.
code.tex
File: pgfsyssoftpath.code.tex 2008/07/18  (rcs-revision 1.7)
\pgfsyssoftpath@smallbuffer@items=\count329
\pgfsyssoftpath@bigbuffer@items=\count330
)
(/usr/local/texlive/2011/texmf-dist/tex/generic/pgf/systemlayer/pgfsysprotocol.
code.tex
File: pgfsysprotocol.code.tex 2006/10/16  (rcs-revision 1.4)
))
(/usr/local/texlive/2011/texmf-dist/tex/generic/pgf/basiclayer/pgfcore.code.tex
Package: pgfcore 2010/04/11 v2.10 (rcs-revision 1.7)
(/usr/local/texlive/2011/texmf-dist/tex/generic/pgf/math/pgfmath.code.tex
(/usr/local/texlive/2011/texmf-dist/tex/generic/pgf/math/pgfmathcalc.code.tex
(/usr/local/texlive/2011/texmf-dist/tex/generic/pgf/math/pgfmathutil.code.tex)
(/usr/local/texlive/2011/texmf-dist/tex/generic/pgf/math/pgfmathparser.code.tex
\pgfmath@dimen=\dimen199
\pgfmath@count=\count331
\pgfmath@box=\box73
\pgfmath@toks=\toks61
\pgfmath@stack@operand=\toks62
\pgfmath@stack@operation=\toks63
)
(/usr/local/texlive/2011/texmf-dist/tex/generic/pgf/math/pgfmathfunctions.code.
tex
(/usr/local/texlive/2011/texmf-dist/tex/generic/pgf/math/pgfmathfunctions.basic
.code.tex)
(/usr/local/texlive/2011/texmf-dist/tex/generic/pgf/math/pgfmathfunctions.trigo
nometric.code.tex)
(/usr/local/texlive/2011/texmf-dist/tex/generic/pgf/math/pgfmathfunctions.rando
m.code.tex)
(/usr/local/texlive/2011/texmf-dist/tex/generic/pgf/math/pgfmathfunctions.compa
rison.code.tex)
(/usr/local/texlive/2011/texmf-dist/tex/generic/pgf/math/pgfmathfunctions.base.
code.tex)
(/usr/local/texlive/2011/texmf-dist/tex/generic/pgf/math/pgfmathfunctions.round
.code.tex)
(/usr/local/texlive/2011/texmf-dist/tex/generic/pgf/math/pgfmathfunctions.misc.
code.tex)))
(/usr/local/texlive/2011/texmf-dist/tex/generic/pgf/math/pgfmathfloat.code.tex
\c@pgfmathroundto@lastzeros=\count332
))
(/usr/local/texlive/2011/texmf-dist/tex/generic/pgf/basiclayer/pgfcorepoints.co
de.tex
File: pgfcorepoints.code.tex 2010/04/09  (rcs-revision 1.20)
\pgf@picminx=\dimen200
\pgf@picmaxx=\dimen201
Normal \dimen register pool exhausted, switching to extended pool.
\pgf@picminy=\dimen256
\pgf@picmaxy=\dimen257
\pgf@pathminx=\dimen258
\pgf@pathmaxx=\dimen259
\pgf@pathminy=\dimen260
\pgf@pathmaxy=\dimen261
\pgf@xx=\dimen262
\pgf@xy=\dimen263
\pgf@yx=\dimen264
\pgf@yy=\dimen265
\pgf@zx=\dimen266
\pgf@zy=\dimen267
)
(/usr/local/texlive/2011/texmf-dist/tex/generic/pgf/basiclayer/pgfcorepathconst
ruct.code.tex
File: pgfcorepathconstruct.code.tex 2010/08/03  (rcs-revision 1.24)
\pgf@path@lastx=\dimen268
\pgf@path@lasty=\dimen269
)
(/usr/local/texlive/2011/texmf-dist/tex/generic/pgf/basiclayer/pgfcorepathusage
.code.tex
File: pgfcorepathusage.code.tex 2008/04/22  (rcs-revision 1.12)
\pgf@shorten@end@additional=\dimen270
\pgf@shorten@start@additional=\dimen271
)
(/usr/local/texlive/2011/texmf-dist/tex/generic/pgf/basiclayer/pgfcorescopes.co
de.tex
File: pgfcorescopes.code.tex 2010/09/08  (rcs-revision 1.34)
\pgfpic=\box74
\pgf@hbox=\box75
\pgf@layerbox@main=\box76
\pgf@picture@serial@count=\count333
)
(/usr/local/texlive/2011/texmf-dist/tex/generic/pgf/basiclayer/pgfcoregraphicst
ate.code.tex
File: pgfcoregraphicstate.code.tex 2008/04/22  (rcs-revision 1.9)
\pgflinewidth=\dimen272
)
(/usr/local/texlive/2011/texmf-dist/tex/generic/pgf/basiclayer/pgfcoretransform
ations.code.tex
File: pgfcoretransformations.code.tex 2009/06/10  (rcs-revision 1.11)
\pgf@pt@x=\dimen273
\pgf@pt@y=\dimen274
\pgf@pt@temp=\dimen275
)
(/usr/local/texlive/2011/texmf-dist/tex/generic/pgf/basiclayer/pgfcorequick.cod
e.tex
File: pgfcorequick.code.tex 2008/10/09  (rcs-revision 1.3)
)
(/usr/local/texlive/2011/texmf-dist/tex/generic/pgf/basiclayer/pgfcoreobjects.c
ode.tex
File: pgfcoreobjects.code.tex 2006/10/11  (rcs-revision 1.2)
)
(/usr/local/texlive/2011/texmf-dist/tex/generic/pgf/basiclayer/pgfcorepathproce
ssing.code.tex
File: pgfcorepathprocessing.code.tex 2008/10/09  (rcs-revision 1.8)
)
(/usr/local/texlive/2011/texmf-dist/tex/generic/pgf/basiclayer/pgfcorearrows.co
de.tex
File: pgfcorearrows.code.tex 2008/04/23  (rcs-revision 1.11)
)
(/usr/local/texlive/2011/texmf-dist/tex/generic/pgf/basiclayer/pgfcoreshade.cod
e.tex
File: pgfcoreshade.code.tex 2008/11/23  (rcs-revision 1.13)
\pgf@max=\dimen276
\pgf@sys@shading@range@num=\count334
)
(/usr/local/texlive/2011/texmf-dist/tex/generic/pgf/basiclayer/pgfcoreimage.cod
e.tex
File: pgfcoreimage.code.tex 2010/03/25  (rcs-revision 1.16)

(/usr/local/texlive/2011/texmf-dist/tex/generic/pgf/basiclayer/pgfcoreexternal.
code.tex
File: pgfcoreexternal.code.tex 2010/09/01  (rcs-revision 1.17)
\pgfexternal@startupbox=\box77
))
(/usr/local/texlive/2011/texmf-dist/tex/generic/pgf/basiclayer/pgfcorelayers.co
de.tex
File: pgfcorelayers.code.tex 2010/08/27  (rcs-revision 1.2)
)
(/usr/local/texlive/2011/texmf-dist/tex/generic/pgf/basiclayer/pgfcoretranspare
ncy.code.tex
File: pgfcoretransparency.code.tex 2008/01/17  (rcs-revision 1.2)
)
(/usr/local/texlive/2011/texmf-dist/tex/generic/pgf/basiclayer/pgfcorepatterns.
code.tex
File: pgfcorepatterns.code.tex 2009/07/02  (rcs-revision 1.3)
)))
(/usr/local/texlive/2011/texmf-dist/tex/generic/pgf/modules/pgfmoduleshapes.cod
e.tex
File: pgfmoduleshapes.code.tex 2010/09/09  (rcs-revision 1.13)
\pgfnodeparttextbox=\box78
)
(/usr/local/texlive/2011/texmf-dist/tex/generic/pgf/modules/pgfmoduleplot.code.
tex
File: pgfmoduleplot.code.tex 2010/10/22  (rcs-revision 1.8)
)
(/usr/local/texlive/2011/texmf-dist/tex/latex/pgf/compatibility/pgfcomp-version
-0-65.sty
Package: pgfcomp-version-0-65 2007/07/03 v2.10 (rcs-revision 1.7)
\pgf@nodesepstart=\dimen277
\pgf@nodesepend=\dimen278
)
(/usr/local/texlive/2011/texmf-dist/tex/latex/pgf/compatibility/pgfcomp-version
-1-18.sty
Package: pgfcomp-version-1-18 2007/07/23 v2.10 (rcs-revision 1.1)
))
(/usr/local/texlive/2011/texmf-dist/tex/latex/pgf/utilities/pgffor.sty
(/usr/local/texlive/2011/texmf-dist/tex/latex/pgf/utilities/pgfkeys.sty
(/usr/local/texlive/2011/texmf-dist/tex/generic/pgf/utilities/pgfkeys.code.tex)
) (/usr/local/texlive/2011/texmf-dist/tex/generic/pgf/utilities/pgffor.code.tex
Package: pgffor 2010/03/23 v2.10 (rcs-revision 1.18)
\pgffor@iter=\dimen279
\pgffor@skip=\dimen280
\pgffor@stack=\toks64
\pgffor@toks=\toks65
))
(/usr/local/texlive/2011/texmf-dist/tex/generic/pgf/frontendlayer/tikz/tikz.cod
e.tex
Package: tikz 2010/10/13 v2.10 (rcs-revision 1.76)

(/usr/local/texlive/2011/texmf-dist/tex/generic/pgf/libraries/pgflibraryplothan
dlers.code.tex
File: pgflibraryplothandlers.code.tex 2010/05/31 v2.10 (rcs-revision 1.15)
\pgf@plot@mark@count=\count335
\pgfplotmarksize=\dimen281
)
\tikz@lastx=\dimen282
\tikz@lasty=\dimen283
\tikz@lastxsaved=\dimen284
\tikz@lastysaved=\dimen285
\tikzleveldistance=\dimen286
\tikzsiblingdistance=\dimen287
\tikz@figbox=\box79
\tikz@tempbox=\box80
\tikztreelevel=\count336
\tikznumberofchildren=\count337
\tikznumberofcurrentchild=\count338
\tikz@fig@count=\count339

(/usr/local/texlive/2011/texmf-dist/tex/generic/pgf/modules/pgfmodulematrix.cod
e.tex
File: pgfmodulematrix.code.tex 2010/08/24  (rcs-revision 1.4)
\pgfmatrixcurrentrow=\count340
\pgfmatrixcurrentcolumn=\count341
\pgf@matrix@numberofcolumns=\count342
)
\tikz@expandcount=\count343

(/usr/local/texlive/2011/texmf-dist/tex/generic/pgf/frontendlayer/tikz/librarie
s/tikzlibrarytopaths.code.tex
File: tikzlibrarytopaths.code.tex 2008/06/17 v2.10 (rcs-revision 1.2)
)))
Package hyperref Info: Option `unicode' set `false' on input line 88.
Package hyperref Info: Option `pdftoolbar' set `true' on input line 88.
Package hyperref Info: Option `pdfmenubar' set `true' on input line 88.
Package hyperref Info: Option `pdffitwindow' set `false' on input line 88.
Package hyperref Info: Option `pdfnewwindow' set `true' on input line 88.
Package hyperref Info: Option `colorlinks' set `true' on input line 88.

(/usr/local/texlive/2011/texmf-dist/tex/latex/tools/verbatim.sty
Package: verbatim 2003/08/22 v1.5q LaTeX2e package for verbatim enhancements
\every@verbatim=\toks66
\verbatim@line=\toks67
\verbatim@in@stream=\read3
)
(/usr/local/texlive/2011/texmf-dist/tex/latex/listings/listings.sty
\lst@mode=\count344
\lst@gtempboxa=\box81
\lst@token=\toks68
\lst@length=\count345
\lst@currlwidth=\dimen288
\lst@column=\count346
\lst@pos=\count347
\lst@lostspace=\dimen289
\lst@width=\dimen290
\lst@newlines=\count348
\lst@lineno=\count349
\lst@maxwidth=\dimen291

(/usr/local/texlive/2011/texmf-dist/tex/latex/listings/lstmisc.sty
File: lstmisc.sty 2007/02/22 1.4 (Carsten Heinz)
\c@lstnumber=\count350
\lst@skipnumbers=\count351
\lst@framebox=\box82
)
(/usr/local/texlive/2011/texmf-dist/tex/latex/listings/listings.cfg
File: listings.cfg 2007/02/22 1.4 listings configuration
))
Package: listings 2007/02/22 1.4 (Carsten Heinz)

(/usr/local/texlive/2011/texmf-dist/tex/latex/listings/lstlang1.sty
File: lstlang1.sty 2004/09/05 1.3 listings language file
)
(/usr/local/texlive/2011/texmf-dist/tex/latex/listings/lstlang2.sty
File: lstlang2.sty 2004/09/05 1.3 listings language file
)
(/usr/local/texlive/2011/texmf-dist/tex/latex/listings/lstlang3.sty
File: lstlang3.sty 2004/09/05 1.3 listings language file
)
(./Magnesium.aux)
\openout1 = `Magnesium.aux'.

LaTeX Font Info:    Checking defaults for OML/cmm/m/it on input line 172.
LaTeX Font Info:    ... okay on input line 172.
LaTeX Font Info:    Checking defaults for T1/cmr/m/n on input line 172.
LaTeX Font Info:    ... okay on input line 172.
LaTeX Font Info:    Checking defaults for OT1/cmr/m/n on input line 172.
LaTeX Font Info:    ... okay on input line 172.
LaTeX Font Info:    Checking defaults for OMS/cmsy/m/n on input line 172.
LaTeX Font Info:    ... okay on input line 172.
LaTeX Font Info:    Checking defaults for OMX/cmex/m/n on input line 172.
LaTeX Font Info:    ... okay on input line 172.
LaTeX Font Info:    Checking defaults for U/cmr/m/n on input line 172.
LaTeX Font Info:    ... okay on input line 172.
LaTeX Font Info:    Checking defaults for PD1/pdf/m/n on input line 172.
LaTeX Font Info:    ... okay on input line 172.

*geometry* driver: auto-detecting
*geometry* detected driver: pdftex
*geometry* verbose mode - [ preamble ] result:
* driver: pdftex
* paper: a4paper
* layout: <same size as paper>
* layoutoffset:(h,v)=(0.0pt,0.0pt)
* modes: 
* h-part:(L,W,R)=(71.13188pt, 455.24411pt, 71.13188pt)
* v-part:(T,H,B)=(56.9055pt, 717.00946pt, 71.13188pt)
* \paperwidth=597.50787pt
* \paperheight=845.04684pt
* \textwidth=455.24411pt
* \textheight=717.00946pt
* \oddsidemargin=-1.1381pt
* \evensidemargin=-1.1381pt
* \topmargin=-52.36449pt
* \headheight=12.0pt
* \headsep=25.0pt
* \topskip=12.0pt
* \footskip=30.0pt
* \marginparwidth=44.0pt
* \marginparsep=10.0pt
* \columnsep=10.0pt
* \skip\footins=10.8pt plus 4.0pt minus 2.0pt
* \hoffset=0.0pt
* \voffset=0.0pt
* \mag=1000
* \@twocolumnfalse
* \@twosidefalse
* \@mparswitchfalse
* \@reversemarginfalse
* (1in=72.27pt=25.4mm, 1cm=28.453pt)

(/usr/local/texlive/2011/texmf-dist/tex/context/base/supp-pdf.mkii
[Loading MPS to PDF converter (version 2006.09.02).]
\scratchcounter=\count352
\scratchdimen=\dimen292
\scratchbox=\box83
\nofMPsegments=\count353
\nofMParguments=\count354
\everyMPshowfont=\toks69
\MPscratchCnt=\count355
\MPscratchDim=\dimen293
\MPnumerator=\count356
\makeMPintoPDFobject=\count357
\everyMPtoPDFconversion=\toks70
) (/usr/local/texlive/2011/texmf-dist/tex/latex/oberdiek/epstopdf-base.sty
Package: epstopdf-base 2010/02/09 v2.5 Base part for package epstopdf

(/usr/local/texlive/2011/texmf-dist/tex/latex/oberdiek/grfext.sty
Package: grfext 2010/08/19 v1.1 Managing graphics extensions (HO)
)
Package grfext Info: Graphics extension search list:
(grfext)             [.png,.pdf,.jpg,.mps,.jpeg,.jbig2,.jb2,.PNG,.PDF,.JPG,.JPE
G,.JBIG2,.JB2,.eps]
(grfext)             \AppendGraphicsExtensions on input line 452.

(/usr/local/texlive/2011/texmf-dist/tex/latex/latexconfig/epstopdf-sys.cfg
File: epstopdf-sys.cfg 2010/07/13 v1.3 Configuration of (r)epstopdf for TeX Liv
e
))
 LaTeX info: Defining document command \of
(LaTeX)  with arg. spec. '' on line 172.

 LaTeX info: Defining document command \highlight
(LaTeX)  with arg. spec. '' on line 172.

 LaTeX info: Defining document command \per
(LaTeX)  with arg. spec. '' on line 172.

 LaTeX info: Defining document command \raiseto
(LaTeX)  with arg. spec. '' on line 172.

 LaTeX info: Defining document command \tothe
(LaTeX)  with arg. spec. '' on line 172.

 LaTeX info: Defining document command \kilogram
(LaTeX)  with arg. spec. '' on line 172.

 LaTeX info: Defining document command \metre
(LaTeX)  with arg. spec. '' on line 172.

 LaTeX info: Defining document command \meter
(LaTeX)  with arg. spec. '' on line 172.

 LaTeX info: Defining document command \mole
(LaTeX)  with arg. spec. '' on line 172.

 LaTeX info: Defining document command \ampere
(LaTeX)  with arg. spec. '' on line 172.

 LaTeX info: Defining document command \kelvin
(LaTeX)  with arg. spec. '' on line 172.

 LaTeX info: Defining document command \candela
(LaTeX)  with arg. spec. '' on line 172.

 LaTeX info: Defining document command \gram
(LaTeX)  with arg. spec. '' on line 172.

 LaTeX info: Defining document command \yocto
(LaTeX)  with arg. spec. '' on line 172.

 LaTeX info: Defining document command \zepto
(LaTeX)  with arg. spec. '' on line 172.

 LaTeX info: Defining document command \atto
(LaTeX)  with arg. spec. '' on line 172.

 LaTeX info: Defining document command \femto
(LaTeX)  with arg. spec. '' on line 172.

 LaTeX info: Defining document command \pico
(LaTeX)  with arg. spec. '' on line 172.

 LaTeX info: Defining document command \nano
(LaTeX)  with arg. spec. '' on line 172.

 LaTeX info: Defining document command \micro
(LaTeX)  with arg. spec. '' on line 172.

 LaTeX info: Defining document command \milli
(LaTeX)  with arg. spec. '' on line 172.

 LaTeX info: Defining document command \centi
(LaTeX)  with arg. spec. '' on line 172.

 LaTeX info: Defining document command \deci
(LaTeX)  with arg. spec. '' on line 172.

 LaTeX info: Defining document command \deca
(LaTeX)  with arg. spec. '' on line 172.

 LaTeX info: Defining document command \deka
(LaTeX)  with arg. spec. '' on line 172.

 LaTeX info: Defining document command \hecto
(LaTeX)  with arg. spec. '' on line 172.

 LaTeX info: Defining document command \kilo
(LaTeX)  with arg. spec. '' on line 172.

 LaTeX info: Defining document command \mega
(LaTeX)  with arg. spec. '' on line 172.

 LaTeX info: Defining document command \giga
(LaTeX)  with arg. spec. '' on line 172.

 LaTeX info: Defining document command \tera
(LaTeX)  with arg. spec. '' on line 172.

 LaTeX info: Defining document command \peta
(LaTeX)  with arg. spec. '' on line 172.

 LaTeX info: Defining document command \exa
(LaTeX)  with arg. spec. '' on line 172.

 LaTeX info: Defining document command \zetta
(LaTeX)  with arg. spec. '' on line 172.

 LaTeX info: Defining document command \yotta
(LaTeX)  with arg. spec. '' on line 172.

 LaTeX info: Defining document command \becquerel
(LaTeX)  with arg. spec. '' on line 172.

 LaTeX info: Defining document command \celsius
(LaTeX)  with arg. spec. '' on line 172.

 LaTeX info: Defining document command \degreeCelsius
(LaTeX)  with arg. spec. '' on line 172.

 LaTeX info: Defining document command \coulomb
(LaTeX)  with arg. spec. '' on line 172.

 LaTeX info: Defining document command \farad
(LaTeX)  with arg. spec. '' on line 172.

 LaTeX info: Defining document command \gray
(LaTeX)  with arg. spec. '' on line 172.

 LaTeX info: Defining document command \hertz
(LaTeX)  with arg. spec. '' on line 172.

 LaTeX info: Defining document command \henry
(LaTeX)  with arg. spec. '' on line 172.

 LaTeX info: Defining document command \joule
(LaTeX)  with arg. spec. '' on line 172.

 LaTeX info: Defining document command \katal
(LaTeX)  with arg. spec. '' on line 172.

 LaTeX info: Defining document command \lumen
(LaTeX)  with arg. spec. '' on line 172.

 LaTeX info: Defining document command \lux
(LaTeX)  with arg. spec. '' on line 172.

 LaTeX info: Defining document command \newton
(LaTeX)  with arg. spec. '' on line 172.

 LaTeX info: Defining document command \ohm
(LaTeX)  with arg. spec. '' on line 172.

 LaTeX info: Defining document command \pascal
(LaTeX)  with arg. spec. '' on line 172.

 LaTeX info: Defining document command \radian
(LaTeX)  with arg. spec. '' on line 172.

 LaTeX info: Defining document command \siemens
(LaTeX)  with arg. spec. '' on line 172.

 LaTeX info: Defining document command \sievert
(LaTeX)  with arg. spec. '' on line 172.

 LaTeX info: Defining document command \steradian
(LaTeX)  with arg. spec. '' on line 172.

 LaTeX info: Defining document command \tesla
(LaTeX)  with arg. spec. '' on line 172.

 LaTeX info: Defining document command \volt
(LaTeX)  with arg. spec. '' on line 172.

 LaTeX info: Defining document command \watt
(LaTeX)  with arg. spec. '' on line 172.

 LaTeX info: Defining document command \weber
(LaTeX)  with arg. spec. '' on line 172.

 LaTeX info: Defining document command \arcmin
(LaTeX)  with arg. spec. '' on line 172.

 LaTeX info: Defining document command \arcminute
(LaTeX)  with arg. spec. '' on line 172.

 LaTeX info: Defining document command \arcsecond
(LaTeX)  with arg. spec. '' on line 172.

 LaTeX info: Defining document command \degree
(LaTeX)  with arg. spec. '' on line 172.

 LaTeX info: Defining document command \hectare
(LaTeX)  with arg. spec. '' on line 172.

 LaTeX info: Defining document command \hour
(LaTeX)  with arg. spec. '' on line 172.

 LaTeX info: Defining document command \litre
(LaTeX)  with arg. spec. '' on line 172.

 LaTeX info: Defining document command \liter
(LaTeX)  with arg. spec. '' on line 172.

 LaTeX info: Defining document command \minute
(LaTeX)  with arg. spec. '' on line 172.

 LaTeX info: Defining document command \percent
(LaTeX)  with arg. spec. '' on line 172.

 LaTeX info: Defining document command \tonne
(LaTeX)  with arg. spec. '' on line 172.

 LaTeX info: Defining document command \astronomicalunit
(LaTeX)  with arg. spec. '' on line 172.

 LaTeX info: Defining document command \atomicmassunit
(LaTeX)  with arg. spec. '' on line 172.

 LaTeX info: Defining document command \electronvolt
(LaTeX)  with arg. spec. '' on line 172.

 LaTeX info: Defining document command \dalton
(LaTeX)  with arg. spec. '' on line 172.

 LaTeX info: Defining document command \clight
(LaTeX)  with arg. spec. '' on line 172.

 LaTeX info: Defining document command \electronmass
(LaTeX)  with arg. spec. '' on line 172.

 LaTeX info: Defining document command \planckbar
(LaTeX)  with arg. spec. '' on line 172.

 LaTeX info: Defining document command \elementarycharge
(LaTeX)  with arg. spec. '' on line 172.

 LaTeX info: Defining document command \bohr
(LaTeX)  with arg. spec. '' on line 172.

 LaTeX info: Defining document command \hartree
(LaTeX)  with arg. spec. '' on line 172.

 LaTeX info: Defining document command \angstrom
(LaTeX)  with arg. spec. '' on line 172.

 LaTeX info: Defining document command \barn
(LaTeX)  with arg. spec. '' on line 172.

 LaTeX info: Defining document command \bel
(LaTeX)  with arg. spec. '' on line 172.

 LaTeX info: Defining document command \decibel
(LaTeX)  with arg. spec. '' on line 172.

 LaTeX info: Defining document command \knot
(LaTeX)  with arg. spec. '' on line 172.

 LaTeX info: Defining document command \mmHg
(LaTeX)  with arg. spec. '' on line 172.

 LaTeX info: Defining document command \nauticalmile
(LaTeX)  with arg. spec. '' on line 172.

 LaTeX info: Defining document command \neper
(LaTeX)  with arg. spec. '' on line 172.

 LaTeX info: Defining document command \squared
(LaTeX)  with arg. spec. '' on line 172.

 LaTeX info: Defining document command \cubic
(LaTeX)  with arg. spec. '' on line 172.

 LaTeX info: Defining document command \cubed
(LaTeX)  with arg. spec. '' on line 172.

 LaTeX info: Defining document command \A
(LaTeX)  with arg. spec. '' on line 172.

 LaTeX info: Defining document command \pA
(LaTeX)  with arg. spec. '' on line 172.

 LaTeX info: Defining document command \nA
(LaTeX)  with arg. spec. '' on line 172.

 LaTeX info: Defining document command \uA
(LaTeX)  with arg. spec. '' on line 172.

 LaTeX info: Defining document command \mA
(LaTeX)  with arg. spec. '' on line 172.

 LaTeX info: Defining document command \kA
(LaTeX)  with arg. spec. '' on line 172.

 LaTeX info: Defining document command \Hz
(LaTeX)  with arg. spec. '' on line 172.

 LaTeX info: Defining document command \mHz
(LaTeX)  with arg. spec. '' on line 172.

 LaTeX info: Defining document command \kHz
(LaTeX)  with arg. spec. '' on line 172.

 LaTeX info: Defining document command \MHz
(LaTeX)  with arg. spec. '' on line 172.

 LaTeX info: Defining document command \GHz
(LaTeX)  with arg. spec. '' on line 172.

 LaTeX info: Defining document command \THz
(LaTeX)  with arg. spec. '' on line 172.

 LaTeX info: Defining document command \mol
(LaTeX)  with arg. spec. '' on line 172.

 LaTeX info: Defining document command \fmol
(LaTeX)  with arg. spec. '' on line 172.

 LaTeX info: Defining document command \pmol
(LaTeX)  with arg. spec. '' on line 172.

 LaTeX info: Defining document command \nmol
(LaTeX)  with arg. spec. '' on line 172.

 LaTeX info: Defining document command \umol
(LaTeX)  with arg. spec. '' on line 172.

 LaTeX info: Defining document command \mmol
(LaTeX)  with arg. spec. '' on line 172.

 LaTeX info: Defining document command \kmol
(LaTeX)  with arg. spec. '' on line 172.

 LaTeX info: Defining document command \V
(LaTeX)  with arg. spec. '' on line 172.

 LaTeX info: Defining document command \pV
(LaTeX)  with arg. spec. '' on line 172.

 LaTeX info: Defining document command \nV
(LaTeX)  with arg. spec. '' on line 172.

 LaTeX info: Defining document command \uV
(LaTeX)  with arg. spec. '' on line 172.

 LaTeX info: Defining document command \mV
(LaTeX)  with arg. spec. '' on line 172.

 LaTeX info: Defining document command \kV
(LaTeX)  with arg. spec. '' on line 172.

 LaTeX info: Defining document command \ml
(LaTeX)  with arg. spec. '' on line 172.

 LaTeX info: Defining document command \ul
(LaTeX)  with arg. spec. '' on line 172.

 LaTeX info: Defining document command \mL
(LaTeX)  with arg. spec. '' on line 172.

 LaTeX info: Defining document command \uL
(LaTeX)  with arg. spec. '' on line 172.

 LaTeX info: Defining document command \fg
(LaTeX)  with arg. spec. '' on line 172.

 LaTeX info: Defining document command \pg
(LaTeX)  with arg. spec. '' on line 172.

 LaTeX info: Defining document command \ug
(LaTeX)  with arg. spec. '' on line 172.

 LaTeX info: Defining document command \mg
(LaTeX)  with arg. spec. '' on line 172.

 LaTeX info: Defining document command \g
(LaTeX)  with arg. spec. '' on line 172.

 LaTeX info: Defining document command \kg
(LaTeX)  with arg. spec. '' on line 172.

 LaTeX info: Defining document command \amu
(LaTeX)  with arg. spec. '' on line 172.

 LaTeX info: Defining document command \W
(LaTeX)  with arg. spec. '' on line 172.

 LaTeX info: Defining document command \mW
(LaTeX)  with arg. spec. '' on line 172.

 LaTeX info: Defining document command \kW
(LaTeX)  with arg. spec. '' on line 172.

 LaTeX info: Defining document command \MW
(LaTeX)  with arg. spec. '' on line 172.

 LaTeX info: Defining document command \GW
(LaTeX)  with arg. spec. '' on line 172.

 LaTeX info: Defining document command \J
(LaTeX)  with arg. spec. '' on line 172.

 LaTeX info: Defining document command \kJ
(LaTeX)  with arg. spec. '' on line 172.

 LaTeX info: Defining document command \eV
(LaTeX)  with arg. spec. '' on line 172.

 LaTeX info: Defining document command \meV
(LaTeX)  with arg. spec. '' on line 172.

 LaTeX info: Defining document command \keV
(LaTeX)  with arg. spec. '' on line 172.

 LaTeX info: Defining document command \MeV
(LaTeX)  with arg. spec. '' on line 172.

 LaTeX info: Defining document command \GeV
(LaTeX)  with arg. spec. '' on line 172.

 LaTeX info: Defining document command \TeV
(LaTeX)  with arg. spec. '' on line 172.

 LaTeX info: Defining document command \kWh
(LaTeX)  with arg. spec. '' on line 172.

 LaTeX info: Defining document command \m
(LaTeX)  with arg. spec. '' on line 172.

 LaTeX info: Defining document command \nm
(LaTeX)  with arg. spec. '' on line 172.

 LaTeX info: Defining document command \um
(LaTeX)  with arg. spec. '' on line 172.

 LaTeX info: Defining document command \mm
(LaTeX)  with arg. spec. '' on line 172.

 LaTeX info: Defining document command \cm
(LaTeX)  with arg. spec. '' on line 172.

 LaTeX info: Defining document command \dm
(LaTeX)  with arg. spec. '' on line 172.

 LaTeX info: Defining document command \km
(LaTeX)  with arg. spec. '' on line 172.

 LaTeX info: Defining document command \K
(LaTeX)  with arg. spec. '' on line 172.

 LaTeX info: Defining document command \N
(LaTeX)  with arg. spec. '' on line 172.

 LaTeX info: Defining document command \mN
(LaTeX)  with arg. spec. '' on line 172.

 LaTeX info: Defining document command \kN
(LaTeX)  with arg. spec. '' on line 172.

 LaTeX info: Defining document command \MN
(LaTeX)  with arg. spec. '' on line 172.

 LaTeX info: Defining document command \Pa
(LaTeX)  with arg. spec. '' on line 172.

 LaTeX info: Defining document command \kPa
(LaTeX)  with arg. spec. '' on line 172.

 LaTeX info: Defining document command \MPa
(LaTeX)  with arg. spec. '' on line 172.

 LaTeX info: Defining document command \GPa
(LaTeX)  with arg. spec. '' on line 172.

 LaTeX info: Defining document command \mohm
(LaTeX)  with arg. spec. '' on line 172.

 LaTeX info: Defining document command \kohm
(LaTeX)  with arg. spec. '' on line 172.

 LaTeX info: Defining document command \Mohm
(LaTeX)  with arg. spec. '' on line 172.

 LaTeX info: Defining document command \s
(LaTeX)  with arg. spec. '' on line 172.

 LaTeX info: Defining document command \as
(LaTeX)  with arg. spec. '' on line 172.

 LaTeX info: Defining document command \fs
(LaTeX)  with arg. spec. '' on line 172.

 LaTeX info: Defining document command \ps
(LaTeX)  with arg. spec. '' on line 172.

 LaTeX info: Defining document command \ns
(LaTeX)  with arg. spec. '' on line 172.

 LaTeX info: Defining document command \us
(LaTeX)  with arg. spec. '' on line 172.

 LaTeX info: Defining document command \ms
(LaTeX)  with arg. spec. '' on line 172.

 LaTeX info: Defining document command \kibi
(LaTeX)  with arg. spec. '' on line 172.

 LaTeX info: Defining document command \mebi
(LaTeX)  with arg. spec. '' on line 172.

 LaTeX info: Defining document command \gibi
(LaTeX)  with arg. spec. '' on line 172.

 LaTeX info: Defining document command \tebi
(LaTeX)  with arg. spec. '' on line 172.

 LaTeX info: Defining document command \pebi
(LaTeX)  with arg. spec. '' on line 172.

 LaTeX info: Defining document command \exbi
(LaTeX)  with arg. spec. '' on line 172.

 LaTeX info: Defining document command \zebi
(LaTeX)  with arg. spec. '' on line 172.

 LaTeX info: Defining document command \yobi
(LaTeX)  with arg. spec. '' on line 172.

 LaTeX info: Defining document command \bit
(LaTeX)  with arg. spec. '' on line 172.

 LaTeX info: Defining document command \byte
(LaTeX)  with arg. spec. '' on line 172.

 LaTeX info: Defining document command \Square
(LaTeX)  with arg. spec. '' on line 172.

 LaTeX info: Defining document command \ssquare
(LaTeX)  with arg. spec. '' on line 172.

 LaTeX info: Defining document command \BAR
(LaTeX)  with arg. spec. '' on line 172.

 LaTeX info: Defining document command \bbar
(LaTeX)  with arg. spec. '' on line 172.

 LaTeX info: Defining document command \Day
(LaTeX)  with arg. spec. '' on line 172.

 LaTeX info: Defining document command \dday
(LaTeX)  with arg. spec. '' on line 172.

 LaTeX info: Defining document command \Gray
(LaTeX)  with arg. spec. '' on line 172.

 LaTeX info: Defining document command \ggray
(LaTeX)  with arg. spec. '' on line 172.

 LaTeX info: Defining document command \atomicmass
(LaTeX)  with arg. spec. '' on line 172.

 LaTeX info: Defining document command \arcsec
(LaTeX)  with arg. spec. '' on line 172.

 LaTeX info: Defining document command \are
(LaTeX)  with arg. spec. '' on line 172.

 LaTeX info: Defining document command \curie
(LaTeX)  with arg. spec. '' on line 172.

 LaTeX info: Defining document command \gal
(LaTeX)  with arg. spec. '' on line 172.

 LaTeX info: Defining document command \millibar
(LaTeX)  with arg. spec. '' on line 172.

 LaTeX info: Defining document command \rad
(LaTeX)  with arg. spec. '' on line 172.

 LaTeX info: Defining document command \rem
(LaTeX)  with arg. spec. '' on line 172.

 LaTeX info: Defining document command \roentgen
(LaTeX)  with arg. spec. '' on line 172.

 LaTeX info: Defining document command \micA
(LaTeX)  with arg. spec. '' on line 172.

 LaTeX info: Defining document command \micmol
(LaTeX)  with arg. spec. '' on line 172.

 LaTeX info: Defining document command \micl
(LaTeX)  with arg. spec. '' on line 172.

 LaTeX info: Defining document command \micL
(LaTeX)  with arg. spec. '' on line 172.

 LaTeX info: Defining document command \nanog
(LaTeX)  with arg. spec. '' on line 172.

 LaTeX info: Defining document command \micg
(LaTeX)  with arg. spec. '' on line 172.

 LaTeX info: Defining document command \picm
(LaTeX)  with arg. spec. '' on line 172.

 LaTeX info: Defining document command \micm
(LaTeX)  with arg. spec. '' on line 172.

 LaTeX info: Defining document command \Sec
(LaTeX)  with arg. spec. '' on line 172.

 LaTeX info: Defining document command \mics
(LaTeX)  with arg. spec. '' on line 172.

 LaTeX info: Defining document command \cmc
(LaTeX)  with arg. spec. '' on line 172.

 LaTeX info: Defining document command \dmc
(LaTeX)  with arg. spec. '' on line 172.

 LaTeX info: Defining document command \cms
(LaTeX)  with arg. spec. '' on line 172.

 LaTeX info: Defining document command \centimetrecubed
(LaTeX)  with arg. spec. '' on line 172.

 LaTeX info: Defining document command \centimetresquared
(LaTeX)  with arg. spec. '' on line 172.

 LaTeX info: Defining document command \cubiccentimetre
(LaTeX)  with arg. spec. '' on line 172.

 LaTeX info: Defining document command \cubicdecimetre
(LaTeX)  with arg. spec. '' on line 172.

 LaTeX info: Defining document command \squarecentimetre
(LaTeX)  with arg. spec. '' on line 172.

 LaTeX info: Defining document command \squaremetre
(LaTeX)  with arg. spec. '' on line 172.

 LaTeX info: Defining document command \squarekilometre
(LaTeX)  with arg. spec. '' on line 172.

 LaTeX info: Defining document command \parsec
(LaTeX)  with arg. spec. '' on line 172.

 LaTeX info: Defining document command \lightyear
(LaTeX)  with arg. spec. '' on line 172.

 LaTeX info: Defining document command \gmol
(LaTeX)  with arg. spec. '' on line 172.

 LaTeX info: Defining document command \kgmol
(LaTeX)  with arg. spec. '' on line 172.

 LaTeX info: Defining document command \lbmol
(LaTeX)  with arg. spec. '' on line 172.

 LaTeX info: Defining document command \molar
(LaTeX)  with arg. spec. '' on line 172.

 LaTeX info: Defining document command \Molar
(LaTeX)  with arg. spec. '' on line 172.

 LaTeX info: Defining document command \torr
(LaTeX)  with arg. spec. '' on line 172.

 LaTeX info: Defining document command \gon
(LaTeX)  with arg. spec. '' on line 172.

 LaTeX info: Defining document command \micron
(LaTeX)  with arg. spec. '' on line 172.

 LaTeX info: Defining document command \mrad
(LaTeX)  with arg. spec. '' on line 172.

 LaTeX info: Defining document command \gauss
(LaTeX)  with arg. spec. '' on line 172.

 LaTeX info: Defining document command \eVperc
(LaTeX)  with arg. spec. '' on line 172.

 LaTeX info: Defining document command \nanobarn
(LaTeX)  with arg. spec. '' on line 172.

 LaTeX info: Defining document command \picobarn
(LaTeX)  with arg. spec. '' on line 172.

 LaTeX info: Defining document command \femtobarn
(LaTeX)  with arg. spec. '' on line 172.

 LaTeX info: Defining document command \attobarn
(LaTeX)  with arg. spec. '' on line 172.

 LaTeX info: Defining document command \zeptobarn
(LaTeX)  with arg. spec. '' on line 172.

 LaTeX info: Defining document command \yoctobarn
(LaTeX)  with arg. spec. '' on line 172.

 LaTeX info: Defining document command \nb
(LaTeX)  with arg. spec. '' on line 172.

 LaTeX info: Defining document command \pb
(LaTeX)  with arg. spec. '' on line 172.

 LaTeX info: Defining document command \fb
(LaTeX)  with arg. spec. '' on line 172.

 LaTeX info: Defining document command \ab
(LaTeX)  with arg. spec. '' on line 172.

 LaTeX info: Defining document command \zb
(LaTeX)  with arg. spec. '' on line 172.

 LaTeX info: Defining document command \yb
(LaTeX)  with arg. spec. '' on line 172.


(/usr/local/texlive/2011/texmf-dist/tex/latex/beamer/translator/dicts/translato
r-basic-dictionary/translator-basic-dictionary-English.dict
Dictionary: translator-basic-dictionary, Language: English 
)
Package caption Info: Begin \AtBeginDocument code.
Package caption3 Info: subfig package 1.2 or 1.3 is loaded.
LaTeX Info: Redefining \subref on input line 172.
Package caption Info: hyperref package is loaded.
Package caption Info: listings package is loaded.
Package caption Info: End \AtBeginDocument code.
\AtBeginShipoutBox=\box84
Package hyperref Info: Link coloring ON on input line 172.

(/usr/local/texlive/2011/texmf-dist/tex/latex/hyperref/nameref.sty
Package: nameref 2010/04/30 v2.40 Cross-referencing by name of section

(/usr/local/texlive/2011/texmf-dist/tex/generic/oberdiek/gettitlestring.sty
Package: gettitlestring 2010/12/03 v1.4 Cleanup title references (HO)
)
\c@section@level=\count358
)
LaTeX Info: Redefining \ref on input line 172.
LaTeX Info: Redefining \pageref on input line 172.
LaTeX Info: Redefining \nameref on input line 172.

(./Magnesium.out) (./Magnesium.out)
\@outlinefile=\write4
\openout4 = `Magnesium.out'.

 ABD: EveryShipout initializing macros
\c@lstlisting=\count359
\c_siunitx_mathsf_int=\count360
LaTeX Font Info:    Try loading font information for U+msa on input line 172.

(/usr/local/texlive/2011/texmf-dist/tex/latex/amsfonts/umsa.fd
File: umsa.fd 2009/06/22 v3.00 AMS symbols A
)
LaTeX Font Info:    Try loading font information for U+msb on input line 172.

(/usr/local/texlive/2011/texmf-dist/tex/latex/amsfonts/umsb.fd
File: umsb.fd 2009/06/22 v3.00 AMS symbols B
)
\c_siunitx_mathtt_int=\count361
 (./Abstract.tex) [1

{/usr/local/texlive/2011/texmf-var/fonts/map/pdftex/updmap/pdftex.map}]
(./MagnesiumIntro.texpdfTeX warning (ext4): destination with the same identifie
r (name{page.1}) has been already used, duplicate ignored
<to be read again> 
                   \relax 
l.9 
     [1]) (./MagnesiumLit.tex [2] [3] [4]) (./MagnesiumTheory.tex
Missing character: There is no  in font cmr10!
Missing character: There is no  in font cmr10!
Missing character: There is no  in font cmr10!
Missing character: There is no  in font cmr10!
Missing character: There is no  in font cmr10!
Missing character: There is no  in font cmr10!
Missing character: There is no  in font cmr10!
Missing character: There is no  in font cmr10!
Missing character: There is no  in font cmr10!
Missing character: There is no  in font cmr10!
Missing character: There is no  in font cmr10!
Missing character: There is no  in font cmr10!
 [5] [6]
</Users/janus829/Dropbox/Research/Magnesium/Graphics/84net-crop.pdf, id=122, 54
7.04375pt x 548.0475pt>
File: /Users/janus829/Dropbox/Research/Magnesium/Graphics/84net-crop.pdf Graphi
c file (type pdf)

<use /Users/janus829/Dropbox/Research/Magnesium/Graphics/84net-crop.pdf>
Package pdftex.def Info: /Users/janus829/Dropbox/Research/Magnesium/Graphics/84
net-crop.pdf used on input line 47.
(pdftex.def)             Requested size: 455.24411pt x 456.08351pt.

</Users/janus829/Dropbox/Research/Magnesium/Graphics/MapLegend.pdf, id=123, 361
.35pt x 216.81pt>
File: /Users/janus829/Dropbox/Research/Magnesium/Graphics/MapLegend.pdf Graphic
 file (type pdf)

<use /Users/janus829/Dropbox/Research/Magnesium/Graphics/MapLegend.pdf>
Package pdftex.def Info: /Users/janus829/Dropbox/Research/Magnesium/Graphics/Ma
pLegend.pdf used on input line 48.
(pdftex.def)             Requested size: 204.85846pt x 122.9147pt.

Overfull \hbox (12.0pt too wide) in paragraph at lines 46--50
 [][] 
 []

[7] [8 </Users/janus829/Dropbox/Research/Magnesium/Graphics/84net-crop.pdf> </U
sers/janus829/Dropbox/Research/Magnesium/Graphics/MapLegend.pdf>]
</Users/janus829/Dropbox/Research/Magnesium/Graphics/saneti.pdf, id=158, 692.58
75pt x 448.67625pt>
File: /Users/janus829/Dropbox/Research/Magnesium/Graphics/saneti.pdf Graphic fi
le (type pdf)

<use /Users/janus829/Dropbox/Research/Magnesium/Graphics/saneti.pdf>
Package pdftex.def Info: /Users/janus829/Dropbox/Research/Magnesium/Graphics/sa
neti.pdf used on input line 62.
(pdftex.def)             Requested size: 455.24411pt x 294.9223pt.
 [9

]
[10 </Users/janus829/Dropbox/Research/Magnesium/Graphics/saneti.pdf>]
</Users/janus829/Dropbox/Research/Magnesium/Graphics/sanet.pdf, id=193, 522.953
75pt x 487.8225pt>
File: /Users/janus829/Dropbox/Research/Magnesium/Graphics/sanet.pdf Graphic fil
e (type pdf)

<use /Users/janus829/Dropbox/Research/Magnesium/Graphics/sanet.pdf>
Package pdftex.def Info: /Users/janus829/Dropbox/Research/Magnesium/Graphics/sa
net.pdf used on input line 92.
(pdftex.def)             Requested size: 341.43307pt x 318.50258pt.
 [11])
(./MagnesiumEmp.tex [12 </Users/janus829/Dropbox/Research/Magnesium/Graphics/sa
net.pdf>]
LaTeX Font Info:    Try loading font information for OMS+cmr on input line 8.
 (/usr/local/texlive/2011/texmf-dist/tex/latex/base/omscmr.fd
File: omscmr.fd 1999/05/25 v2.5h Standard LaTeX font definitions
)
LaTeX Font Info:    Font shape `OMS/cmr/m/n' in size <12> not available
(Font)              Font shape `OMS/cmsy/m/n' tried instead on input line 8.

[13] [14]) (./MagnesiumFindings.tex

LaTeX Warning: Reference `tab:regResults' on page 15 undefined on input line 4.


(../TeXoutput/durModelResults.tex [15]) [16] (../TeXoutput/nosSurv.tex)
[17] (../TeXoutput/oNet.tex) (../TeXoutput/oNet2.tex)) (./MagnesiumConcl.tex)
[18] [19] (./Magnesium.bbl [20]
Missing character: There is no  in font cmr12!
 [21])
Package atveryend Info: Empty hook `BeforeClearDocument' on input line 212.
 [22]
Package atveryend Info: Empty hook `AfterLastShipout' on input line 212.
 (./Magnesium.aux)
Package atveryend Info: Executing hook `AtVeryEndDocument' on input line 212.
Package atveryend Info: Executing hook `AtEndAfterFileList' on input line 212.
Package rerunfilecheck Info: File `Magnesium.out' has not changed.
(rerunfilecheck)             Checksum: D41D8CD98F00B204E9800998ECF8427E;0.


LaTeX Warning: There were undefined references.

Package atveryend Info: Empty hook `AtVeryVeryEnd' on input line 212.
 ) 
Here is how much of TeX's memory you used:
 28347 strings out of 493633
 557828 string characters out of 3143378
 680360 words of memory out of 3000000
 31056 multiletter control sequences out of 15000+200000
 21483 words of font info for 83 fonts, out of 3000000 for 9000
 831 hyphenation exceptions out of 8191
 56i,12n,57p,1719b,982s stack positions out of 5000i,500n,10000p,200000b,50000s
</usr/local/texlive/2011/texmf-dist/fonts/type1/public/amsfonts/cm/cmbx10.pfb
></usr/local/texlive/2011/texmf-dist/fonts/type1/public/amsfonts/cm/cmbx12.pfb>
</usr/local/texlive/2011/texmf-dist/fonts/type1/public/amsfonts/cm/cmex10.pfb><
/usr/local/texlive/2011/texmf-dist/fonts/type1/public/amsfonts/cm/cmmi10.pfb></
usr/local/texlive/2011/texmf-dist/fonts/type1/public/amsfonts/cm/cmmi12.pfb></u
sr/local/texlive/2011/texmf-dist/fonts/type1/public/amsfonts/cm/cmmi8.pfb></usr
/local/texlive/2011/texmf-dist/fonts/type1/public/amsfonts/cm/cmmib10.pfb></usr
/local/texlive/2011/texmf-dist/fonts/type1/public/amsfonts/cm/cmr10.pfb></usr/l
ocal/texlive/2011/texmf-dist/fonts/type1/public/amsfonts/cm/cmr12.pfb></usr/loc
al/texlive/2011/texmf-dist/fonts/type1/public/amsfonts/cm/cmr17.pfb></usr/local
/texlive/2011/texmf-dist/fonts/type1/public/amsfonts/cm/cmr7.pfb></usr/local/te
xlive/2011/texmf-dist/fonts/type1/public/amsfonts/cm/cmr8.pfb></usr/local/texli
ve/2011/texmf-dist/fonts/type1/public/amsfonts/cm/cmsy10.pfb></usr/local/texliv
e/2011/texmf-dist/fonts/type1/public/amsfonts/cm/cmsy8.pfb></usr/local/texlive/
2011/texmf-dist/fonts/type1/public/amsfonts/cm/cmti12.pfb></usr/local/texlive/2
011/texmf-dist/fonts/type1/public/amsfonts/cm/cmtt12.pfb>
Output written on Magnesium.pdf (23 pages, 1004679 bytes).
PDF statistics:
 359 PDF objects out of 1000 (max. 8388607)
 294 compressed objects within 3 object streams
 66 named destinations out of 1000 (max. 500000)
 33 words of extra memory for PDF output out of 10000 (max. 10000000)

